[0mGET / [36m304[0m 98.170 ms - -[0m
[0mGET /js/header.js [36m304[0m 4.477 ms - -[0m
[0mGET /js/post.js [36m304[0m 3.355 ms - -[0m
[0mGET /js/home.js [36m304[0m 0.677 ms - -[0m
[0mGET /js/login.js [36m304[0m 3.459 ms - -[0m
[0mGET /js/option_page.js [36m304[0m 2.158 ms - -[0m
[0mGET /js/home_layout.js [36m304[0m 1.529 ms - -[0m
[0mGET /js/ajax_request.js [36m304[0m 6.956 ms - -[0m
[0mGET /uploads/icons/18.logo.png [36m304[0m 6.902 ms - -[0m
[0mGET /uploads/icons/30.home.png [36m304[0m 6.252 ms - -[0m
[0mGET /uploads/icons/19.depart.png [36m304[0m 5.794 ms - -[0m
[0mGET /uploads/icons/10.slide.png [36m304[0m 6.701 ms - -[0m
[0mGET /uploads/icons/24.day-night.png [36m304[0m 8.286 ms - -[0m
[0mGET /uploads/icons/20.hostel.png [36m304[0m 6.915 ms - -[0m
[0mGET /uploads/icons/21.club.png [36m304[0m 5.606 ms - -[0m
[0mGET /uploads/icons/22.event.png [36m304[0m 4.973 ms - -[0m
[0mGET /uploads/icons/9.profile_back.png [36m304[0m 4.160 ms - -[0m
[0mGET /uploads/icons/29.login.png [36m304[0m 3.610 ms - -[0m
[0mGET /load-more-post?photoTime=1645721774025&textTime=1645721774025&photo=true&text=true [32m200[0m 12.455 ms - 216[0m
[0mGET /favicon.ico [36m304[0m 9.364 ms - -[0m
[0mGET /sign-in [36m304[0m 182.564 ms - -[0m
[0mGET /css/notifications.css [32m200[0m 1.516 ms - 1135[0m
[0mGET /js/login.js [36m304[0m 3.023 ms - -[0m
[0mGET /js/ajax_request.js [36m304[0m 2.501 ms - -[0m
[0mGET /uploads/icons/18.logo.png [36m304[0m 2.974 ms - -[0m
[0mGET /uploads/icons/8.google-logo-png-icon-free-download.png [36m304[0m 3.836 ms - -[0m
[0mGET /uploads/users/member/boat_image.jpeg [36m304[0m 1.338 ms - -[0m
[0mGET /favicon.ico [36m304[0m 6.686 ms - -[0m
[0mPOST /forgot-password-send-otp [33m404[0m 438.951 ms - 77[0m
[0mPOST /forgot-password-send-otp [33m404[0m 4.578 ms - 77[0m
[0mGET /sign-in [36m304[0m 65.058 ms - -[0m
[0mGET /uploads/icons/8.google-logo-png-icon-free-download.png [36m304[0m 1.735 ms - -[0m
[0mGET /js/login.js [36m304[0m 2.098 ms - -[0m
[0mGET /js/ajax_request.js [36m304[0m 1.526 ms - -[0m
[0mGET /uploads/icons/18.logo.png [36m304[0m 1.394 ms - -[0m
[0mGET /uploads/users/member/boat_image.jpeg [36m304[0m 0.932 ms - -[0m
[0mGET /sign-in [36m304[0m 5.599 ms - -[0m
[0mGET /css/login_page.css [32m200[0m 1.665 ms - 8372[0m
[0mGET /css/notifications.css [32m200[0m 2.684 ms - 1135[0m
[0mGET /js/login.js [36m304[0m 4.140 ms - -[0m
[0mGET /js/ajax_request.js [36m304[0m 3.057 ms - -[0m
[0mGET /uploads/icons/18.logo.png [36m304[0m 4.443 ms - -[0m
[0mGET /uploads/icons/8.google-logo-png-icon-free-download.png [36m304[0m 5.994 ms - -[0m
[0mGET /uploads/users/member/boat_image.jpeg [36m304[0m 4.571 ms - -[0m
[0mGET /favicon.ico [32m200[0m 33.590 ms - 8305[0m
[0mGET /sign-in [36m304[0m 7.393 ms - -[0m
[0mGET /css/notifications.css [36m304[0m 0.474 ms - -[0m
[0mGET /css/login_page.css [36m304[0m 0.639 ms - -[0m
[0mGET /js/login.js [36m304[0m 3.975 ms - -[0m
[0mGET /js/ajax_request.js [36m304[0m 3.619 ms - -[0m
[0mGET /uploads/icons/18.logo.png [36m304[0m 4.596 ms - -[0m
[0mGET /uploads/icons/8.google-logo-png-icon-free-download.png [36m304[0m 4.421 ms - -[0m
[0mGET /favicon.ico [36m304[0m 7.066 ms - -[0m
[0mGET /sign-in [36m304[0m 4.825 ms - -[0m
[0mGET /css/login_page.css [36m304[0m 0.555 ms - -[0m
[0mGET /css/notifications.css [36m304[0m 0.804 ms - -[0m
[0mGET /js/login.js [36m304[0m 3.882 ms - -[0m
[0mGET /js/ajax_request.js [36m304[0m 2.186 ms - -[0m
[0mGET /uploads/icons/8.google-logo-png-icon-free-download.png [36m304[0m 3.992 ms - -[0m
[0mGET /uploads/icons/18.logo.png [36m304[0m 2.555 ms - -[0m
[0mGET /sign-in [36m304[0m 3.991 ms - -[0m
[0mGET /css/login_page.css [36m304[0m 0.688 ms - -[0m
[0mGET /css/notifications.css [36m304[0m 0.863 ms - -[0m
[0mGET /js/login.js [36m304[0m 4.333 ms - -[0m
[0mGET /js/ajax_request.js [36m304[0m 3.794 ms - -[0m
[0mGET /uploads/icons/18.logo.png [36m304[0m 3.441 ms - -[0m
[0mGET /uploads/icons/8.google-logo-png-icon-free-download.png [36m304[0m 1.987 ms - -[0m
[0mGET /favicon.ico [32m200[0m 5.498 ms - 8299[0m
[0mGET /sign-in [36m304[0m 3.586 ms - -[0m
[0mGET /css/login_page.css [36m304[0m 0.671 ms - -[0m
[0mGET /css/notifications.css [36m304[0m 1.027 ms - -[0m
[0mGET /js/login.js [36m304[0m 2.852 ms - -[0m
[0mGET /js/ajax_request.js [36m304[0m 2.443 ms - -[0m
[0mGET /uploads/icons/18.logo.png [36m304[0m 2.300 ms - -[0m
[0mGET /uploads/icons/8.google-logo-png-icon-free-download.png [36m304[0m 2.494 ms - -[0m
[0mGET /favicon.ico [36m304[0m 4.036 ms - -[0m
[0mGET /sign-in [36m304[0m 3.459 ms - -[0m
[0mGET /js/login.js [36m304[0m 5.084 ms - -[0m
[0mGET /js/ajax_request.js [36m304[0m 4.119 ms - -[0m
[0mGET /uploads/icons/18.logo.png [36m304[0m 3.736 ms - -[0m
[0mGET /uploads/icons/8.google-logo-png-icon-free-download.png [36m304[0m 2.547 ms - -[0m
[0mGET /css/notifications.css [36m304[0m 1.368 ms - -[0m
[0mGET /css/login_page.css [36m304[0m 1.346 ms - -[0m
[0mGET /sign-in [32m200[0m 3.209 ms - 5674[0m
[0mGET /css/login_page.css [36m304[0m 1.114 ms - -[0m
[0mGET /css/notifications.css [36m304[0m 1.346 ms - -[0m
[0mGET /js/login.js [36m304[0m 1.684 ms - -[0m
[0mGET /js/ajax_request.js [36m304[0m 1.276 ms - -[0m
[0mGET /uploads/icons/18.logo.png [36m304[0m 4.584 ms - -[0m
[0mGET /uploads/icons/8.google-logo-png-icon-free-download.png [36m304[0m 4.093 ms - -[0m
[0mGET /favicon.ico [36m304[0m 3.945 ms - -[0m
::1 - - [24/Feb/2022:18:23:06 +0000] "GET /sign-in HTTP/1.1" 304 - "http://localhost:8000/" "Mozilla/5.0 (Windows NT 10.0; Win64; x64) AppleWebKit/537.36 (KHTML, like Gecko) Chrome/98.0.4758.102 Safari/537.36"
::1 - - [24/Feb/2022:18:23:06 +0000] "GET /css/login_page.css HTTP/1.1" 304 - "http://localhost:8000/sign-in" "Mozilla/5.0 (Windows NT 10.0; Win64; x64) AppleWebKit/537.36 (KHTML, like Gecko) Chrome/98.0.4758.102 Safari/537.36"
::1 - - [24/Feb/2022:18:23:06 +0000] "GET /css/notifications.css HTTP/1.1" 304 - "http://localhost:8000/sign-in" "Mozilla/5.0 (Windows NT 10.0; Win64; x64) AppleWebKit/537.36 (KHTML, like Gecko) Chrome/98.0.4758.102 Safari/537.36"
::1 - - [24/Feb/2022:18:23:06 +0000] "GET /js/login.js HTTP/1.1" 304 - "http://localhost:8000/sign-in" "Mozilla/5.0 (Windows NT 10.0; Win64; x64) AppleWebKit/537.36 (KHTML, like Gecko) Chrome/98.0.4758.102 Safari/537.36"
::1 - - [24/Feb/2022:18:23:06 +0000] "GET /js/ajax_request.js HTTP/1.1" 304 - "http://localhost:8000/sign-in" "Mozilla/5.0 (Windows NT 10.0; Win64; x64) AppleWebKit/537.36 (KHTML, like Gecko) Chrome/98.0.4758.102 Safari/537.36"
::1 - - [24/Feb/2022:18:23:06 +0000] "GET /uploads/icons/18.logo.png HTTP/1.1" 304 - "http://localhost:8000/sign-in" "Mozilla/5.0 (Windows NT 10.0; Win64; x64) AppleWebKit/537.36 (KHTML, like Gecko) Chrome/98.0.4758.102 Safari/537.36"
::1 - - [24/Feb/2022:18:23:06 +0000] "GET /uploads/icons/8.google-logo-png-icon-free-download.png HTTP/1.1" 304 - "http://localhost:8000/sign-in" "Mozilla/5.0 (Windows NT 10.0; Win64; x64) AppleWebKit/537.36 (KHTML, like Gecko) Chrome/98.0.4758.102 Safari/537.36"
::1 - - [24/Feb/2022:18:23:06 +0000] "GET /uploads/users/member/boat_image.jpeg HTTP/1.1" 304 - "http://localhost:8000/css/login_page.css" "Mozilla/5.0 (Windows NT 10.0; Win64; x64) AppleWebKit/537.36 (KHTML, like Gecko) Chrome/98.0.4758.102 Safari/537.36"
::1 - - [24/Feb/2022:18:23:07 +0000] "GET /favicon.ico HTTP/1.1" 200 8312 "http://localhost:8000/sign-in" "Mozilla/5.0 (Windows NT 10.0; Win64; x64) AppleWebKit/537.36 (KHTML, like Gecko) Chrome/98.0.4758.102 Safari/537.36"
::1 - - [24/Feb/2022:18:24:03 +0000] "GET /sign-in HTTP/1.1" 304 - "http://localhost:8000/" "Mozilla/5.0 (Windows NT 10.0; Win64; x64) AppleWebKit/537.36 (KHTML, like Gecko) Chrome/98.0.4758.102 Safari/537.36"
::1 - - [24/Feb/2022:18:24:03 +0000] "GET /css/login_page.css HTTP/1.1" 304 - "http://localhost:8000/sign-in" "Mozilla/5.0 (Windows NT 10.0; Win64; x64) AppleWebKit/537.36 (KHTML, like Gecko) Chrome/98.0.4758.102 Safari/537.36"
::1 - - [24/Feb/2022:18:24:03 +0000] "GET /css/notifications.css HTTP/1.1" 304 - "http://localhost:8000/sign-in" "Mozilla/5.0 (Windows NT 10.0; Win64; x64) AppleWebKit/537.36 (KHTML, like Gecko) Chrome/98.0.4758.102 Safari/537.36"
::1 - - [24/Feb/2022:18:24:03 +0000] "GET /js/login.js HTTP/1.1" 304 - "http://localhost:8000/sign-in" "Mozilla/5.0 (Windows NT 10.0; Win64; x64) AppleWebKit/537.36 (KHTML, like Gecko) Chrome/98.0.4758.102 Safari/537.36"
::1 - - [24/Feb/2022:18:24:03 +0000] "GET /js/ajax_request.js HTTP/1.1" 304 - "http://localhost:8000/sign-in" "Mozilla/5.0 (Windows NT 10.0; Win64; x64) AppleWebKit/537.36 (KHTML, like Gecko) Chrome/98.0.4758.102 Safari/537.36"
::1 - - [24/Feb/2022:18:24:03 +0000] "GET /uploads/icons/18.logo.png HTTP/1.1" 304 - "http://localhost:8000/sign-in" "Mozilla/5.0 (Windows NT 10.0; Win64; x64) AppleWebKit/537.36 (KHTML, like Gecko) Chrome/98.0.4758.102 Safari/537.36"
::1 - - [24/Feb/2022:18:24:03 +0000] "GET /uploads/icons/8.google-logo-png-icon-free-download.png HTTP/1.1" 304 - "http://localhost:8000/sign-in" "Mozilla/5.0 (Windows NT 10.0; Win64; x64) AppleWebKit/537.36 (KHTML, like Gecko) Chrome/98.0.4758.102 Safari/537.36"
::1 - - [24/Feb/2022:18:24:03 +0000] "GET /uploads/users/member/boat_image.jpeg HTTP/1.1" 304 - "http://localhost:8000/css/login_page.css" "Mozilla/5.0 (Windows NT 10.0; Win64; x64) AppleWebKit/537.36 (KHTML, like Gecko) Chrome/98.0.4758.102 Safari/537.36"
::1 - - [24/Feb/2022:18:24:04 +0000] "GET /favicon.ico HTTP/1.1" 304 - "http://localhost:8000/sign-in" "Mozilla/5.0 (Windows NT 10.0; Win64; x64) AppleWebKit/537.36 (KHTML, like Gecko) Chrome/98.0.4758.102 Safari/537.36"
::1 - - [24/Feb/2022:18:24:04 +0000] "GET /sign-in HTTP/1.1" 304 - "http://localhost:8000/" "Mozilla/5.0 (Windows NT 10.0; Win64; x64) AppleWebKit/537.36 (KHTML, like Gecko) Chrome/98.0.4758.102 Safari/537.36"
::1 - - [24/Feb/2022:18:24:04 +0000] "GET /css/login_page.css HTTP/1.1" 304 - "http://localhost:8000/sign-in" "Mozilla/5.0 (Windows NT 10.0; Win64; x64) AppleWebKit/537.36 (KHTML, like Gecko) Chrome/98.0.4758.102 Safari/537.36"
::1 - - [24/Feb/2022:18:24:04 +0000] "GET /css/notifications.css HTTP/1.1" 304 - "http://localhost:8000/sign-in" "Mozilla/5.0 (Windows NT 10.0; Win64; x64) AppleWebKit/537.36 (KHTML, like Gecko) Chrome/98.0.4758.102 Safari/537.36"
::1 - - [24/Feb/2022:18:24:04 +0000] "GET /js/login.js HTTP/1.1" 304 - "http://localhost:8000/sign-in" "Mozilla/5.0 (Windows NT 10.0; Win64; x64) AppleWebKit/537.36 (KHTML, like Gecko) Chrome/98.0.4758.102 Safari/537.36"
::1 - - [24/Feb/2022:18:24:04 +0000] "GET /js/ajax_request.js HTTP/1.1" 304 - "http://localhost:8000/sign-in" "Mozilla/5.0 (Windows NT 10.0; Win64; x64) AppleWebKit/537.36 (KHTML, like Gecko) Chrome/98.0.4758.102 Safari/537.36"
::1 - - [24/Feb/2022:18:24:04 +0000] "GET /uploads/icons/18.logo.png HTTP/1.1" 304 - "http://localhost:8000/sign-in" "Mozilla/5.0 (Windows NT 10.0; Win64; x64) AppleWebKit/537.36 (KHTML, like Gecko) Chrome/98.0.4758.102 Safari/537.36"
::1 - - [24/Feb/2022:18:24:04 +0000] "GET /uploads/icons/8.google-logo-png-icon-free-download.png HTTP/1.1" 304 - "http://localhost:8000/sign-in" "Mozilla/5.0 (Windows NT 10.0; Win64; x64) AppleWebKit/537.36 (KHTML, like Gecko) Chrome/98.0.4758.102 Safari/537.36"
::1 - - [24/Feb/2022:18:24:05 +0000] "GET /favicon.ico HTTP/1.1" 304 - "http://localhost:8000/sign-in" "Mozilla/5.0 (Windows NT 10.0; Win64; x64) AppleWebKit/537.36 (KHTML, like Gecko) Chrome/98.0.4758.102 Safari/537.36"
::1 - - [24/Feb/2022:18:24:05 +0000] "GET /sign-in HTTP/1.1" 304 - "http://localhost:8000/" "Mozilla/5.0 (Windows NT 10.0; Win64; x64) AppleWebKit/537.36 (KHTML, like Gecko) Chrome/98.0.4758.102 Safari/537.36"
::1 - - [24/Feb/2022:18:24:05 +0000] "GET /css/login_page.css HTTP/1.1" 304 - "http://localhost:8000/sign-in" "Mozilla/5.0 (Windows NT 10.0; Win64; x64) AppleWebKit/537.36 (KHTML, like Gecko) Chrome/98.0.4758.102 Safari/537.36"
::1 - - [24/Feb/2022:18:24:05 +0000] "GET /css/notifications.css HTTP/1.1" 304 - "http://localhost:8000/sign-in" "Mozilla/5.0 (Windows NT 10.0; Win64; x64) AppleWebKit/537.36 (KHTML, like Gecko) Chrome/98.0.4758.102 Safari/537.36"
::1 - - [24/Feb/2022:18:24:05 +0000] "GET /js/login.js HTTP/1.1" 304 - "http://localhost:8000/sign-in" "Mozilla/5.0 (Windows NT 10.0; Win64; x64) AppleWebKit/537.36 (KHTML, like Gecko) Chrome/98.0.4758.102 Safari/537.36"
::1 - - [24/Feb/2022:18:24:05 +0000] "GET /js/ajax_request.js HTTP/1.1" 304 - "http://localhost:8000/sign-in" "Mozilla/5.0 (Windows NT 10.0; Win64; x64) AppleWebKit/537.36 (KHTML, like Gecko) Chrome/98.0.4758.102 Safari/537.36"
::1 - - [24/Feb/2022:18:24:05 +0000] "GET /uploads/icons/18.logo.png HTTP/1.1" 304 - "http://localhost:8000/sign-in" "Mozilla/5.0 (Windows NT 10.0; Win64; x64) AppleWebKit/537.36 (KHTML, like Gecko) Chrome/98.0.4758.102 Safari/537.36"
::1 - - [24/Feb/2022:18:24:05 +0000] "GET /uploads/icons/8.google-logo-png-icon-free-download.png HTTP/1.1" 304 - "http://localhost:8000/sign-in" "Mozilla/5.0 (Windows NT 10.0; Win64; x64) AppleWebKit/537.36 (KHTML, like Gecko) Chrome/98.0.4758.102 Safari/537.36"
::1 - - [24/Feb/2022:18:24:06 +0000] "GET /favicon.ico HTTP/1.1" 304 - "http://localhost:8000/sign-in" "Mozilla/5.0 (Windows NT 10.0; Win64; x64) AppleWebKit/537.36 (KHTML, like Gecko) Chrome/98.0.4758.102 Safari/537.36"
[0mGET /sign-in [36m304[0m 15.644 ms - -[0m
[0mGET /js/login.js [36m304[0m 4.345 ms - -[0m
[0mGET /js/ajax_request.js [36m304[0m 4.887 ms - -[0m
[0mGET /uploads/icons/18.logo.png [36m304[0m 7.811 ms - -[0m
[0mGET /uploads/icons/8.google-logo-png-icon-free-download.png [36m304[0m 7.681 ms - -[0m
[0mGET /uploads/users/member/boat_image.jpeg [36m304[0m 0.984 ms - -[0m
[0mGET /favicon.ico [32m200[0m 8.547 ms - 8299[0m
[0mGET / [32m200[0m 121.235 ms - 12052[0m
[0mGET /css/notifications.css [32m200[0m 1.627 ms - 1135[0m
[0mGET /js/header.js [36m304[0m 46.068 ms - -[0m
[0mGET /js/login.js [36m304[0m 0.673 ms - -[0m
[0mGET /js/option_page.js [36m304[0m 1.882 ms - -[0m
[0mGET /js/home_layout.js [36m304[0m 0.546 ms - -[0m
[0mGET /js/ajax_request.js [36m304[0m 1.125 ms - -[0m
[0mGET /uploads/icons/18.logo.png [36m304[0m 1.142 ms - -[0m
[0mGET /js/post.js [36m304[0m 2.223 ms - -[0m
[0mGET /js/home.js [36m304[0m 1.399 ms - -[0m
[0mGET /uploads/icons/30.home.png [36m304[0m 1.412 ms - -[0m
[0mGET /uploads/icons/19.depart.png [36m304[0m 0.859 ms - -[0m
[0mGET /uploads/icons/20.hostel.png [36m304[0m 4.477 ms - -[0m
[0mGET /uploads/icons/24.day-night.png [36m304[0m 6.627 ms - -[0m
[0mGET /uploads/icons/10.slide.png [36m304[0m 5.855 ms - -[0m
[0mGET /uploads/icons/29.login.png [36m304[0m 3.788 ms - -[0m
[0mGET /uploads/icons/9.profile_back.png [36m304[0m 3.318 ms - -[0m
[0mGET /uploads/icons/21.club.png [36m304[0m 4.865 ms - -[0m
[0mGET /uploads/icons/22.event.png [36m304[0m 4.127 ms - -[0m
[0mGET /load-more-post?photoTime=1645727147797&textTime=1645727147797&photo=true&text=true [32m200[0m 45.781 ms - 216[0m
[0mGET /favicon.ico [36m304[0m 5.096 ms - -[0m
[0mGET /load-upcoming-or-running-events?time=1645727150326 [32m200[0m 7.696 ms - 65[0m
[0mGET /load-upcoming-or-running-events?time=1645727152486 [32m200[0m 4.452 ms - 65[0m
[0mPOST /search [32m200[0m 1664.246 ms - 49[0m
[0mPOST /search [32m200[0m 4.699 ms - 49[0m
[0mPOST /search [32m200[0m 7.159 ms - 49[0m
[0mPOST /search [32m200[0m 4.729 ms - 49[0m
[0mPOST /search [32m200[0m 4.665 ms - 49[0m
[0mGET / [36m304[0m 18.406 ms - -[0m
[0mGET /css/notifications.css [36m304[0m 1.856 ms - -[0m
[0mGET /css/home.css [32m200[0m 6.492 ms - 11434[0m
[0mGET /css/post.css [32m200[0m 6.613 ms - 9002[0m
[0mGET /css/option-page.css [32m200[0m 3.943 ms - 3159[0m
[0mGET /css/home_layout.css [32m200[0m 4.045 ms - 10197[0m
[0mGET /css/header.css [32m200[0m 5.111 ms - 1689[0m
[0mGET /js/header.js [36m304[0m 1.554 ms - -[0m
[0mGET /js/post.js [36m304[0m 1.916 ms - -[0m
[0mGET /js/home.js [36m304[0m 1.230 ms - -[0m
[0mGET /js/login.js [36m304[0m 2.967 ms - -[0m
[0mGET /js/option_page.js [36m304[0m 3.137 ms - -[0m
[0mGET /js/home_layout.js [36m304[0m 5.398 ms - -[0m
[0mGET /js/ajax_request.js [36m304[0m 4.654 ms - -[0m
[0mGET /uploads/icons/18.logo.png [36m304[0m 9.058 ms - -[0m
[0mGET /uploads/icons/30.home.png [36m304[0m 8.588 ms - -[0m
[0mGET /uploads/icons/19.depart.png [36m304[0m 9.711 ms - -[0m
[0mGET /uploads/icons/20.hostel.png [36m304[0m 8.574 ms - -[0m
[0mGET /uploads/icons/24.day-night.png [36m304[0m 7.469 ms - -[0m
[0mGET /uploads/icons/21.club.png [36m304[0m 6.776 ms - -[0m
[0mGET /uploads/icons/22.event.png [36m304[0m 13.626 ms - -[0m
[0mGET /uploads/icons/10.slide.png [36m304[0m 13.667 ms - -[0m
[0mGET /uploads/icons/9.profile_back.png [36m304[0m 9.988 ms - -[0m
[0mGET /uploads/icons/29.login.png [36m304[0m 6.990 ms - -[0m
[0mGET /load-more-post?photoTime=1645727166779&textTime=1645727166779&photo=true&text=true [32m200[0m 7.424 ms - 216[0m
[0mGET /favicon.ico [36m304[0m 4.524 ms - -[0m
[0mGET /sign-in [36m304[0m 7.405 ms - -[0m
[0mGET /css/notifications.css [36m304[0m 0.728 ms - -[0m
[0mGET /css/login_page.css [32m200[0m 1.505 ms - 8372[0m
[0mGET /js/login.js [36m304[0m 3.260 ms - -[0m
[0mGET /js/ajax_request.js [36m304[0m 2.811 ms - -[0m
[0mGET /uploads/icons/18.logo.png [36m304[0m 2.759 ms - -[0m
[0mGET /uploads/icons/8.google-logo-png-icon-free-download.png [36m304[0m 2.406 ms - -[0m
[0mGET /uploads/users/member/boat_image.jpeg [36m304[0m 2.654 ms - -[0m
[0mGET /favicon.ico [36m304[0m 4.837 ms - -[0m
[0mGET /load-more-post?photoTime=1645727172217&textTime=1645727172217&photo=true&text=true [32m200[0m 8.545 ms - 216[0m
[0mGET /favicon.ico [36m304[0m 5.298 ms - -[0m
[0mGET /notices [32m200[0m 168.779 ms - 9195[0m
[0mGET /js/header.js [36m304[0m 0.432 ms - -[0m
[0mGET /css/notifications.css [36m304[0m 0.752 ms - -[0m
[0mGET /css/option-page.css [36m304[0m 1.407 ms - -[0m
[0mGET /css/home_layout.css [36m304[0m 1.792 ms - -[0m
[0mGET /css/header.css [36m304[0m 3.668 ms - -[0m
[0mGET /js/login.js [36m304[0m 4.581 ms - -[0m
[0mGET /js/option_page.js [36m304[0m 2.572 ms - -[0m
[0mGET /js/home_layout.js [36m304[0m 1.734 ms - -[0m
[0mGET /js/ajax_request.js [36m304[0m 2.261 ms - -[0m
[0mGET /uploads/icons/18.logo.png [36m304[0m 3.066 ms - -[0m
[0mGET /uploads/icons/30.home.png [36m304[0m 5.946 ms - -[0m
[0mGET /uploads/icons/19.depart.png [36m304[0m 4.620 ms - -[0m
[0mGET /uploads/icons/20.hostel.png [36m304[0m 3.667 ms - -[0m
[0mGET /uploads/icons/21.club.png [36m304[0m 3.540 ms - -[0m
[0mGET /uploads/icons/22.event.png [36m304[0m 2.937 ms - -[0m
[0mGET /uploads/icons/24.day-night.png [36m304[0m 2.192 ms - -[0m
[0mGET /favicon.ico [36m304[0m 4.910 ms - -[0m
[0mGET / [36m304[0m 16.486 ms - -[0m
[0mGET /css/home.css [36m304[0m 1.999 ms - -[0m
[0mGET /css/post.css [36m304[0m 2.318 ms - -[0m
[0mGET /css/notifications.css [36m304[0m 2.250 ms - -[0m
[0mGET /css/option-page.css [36m304[0m 2.393 ms - -[0m
[0mGET /css/home_layout.css [36m304[0m 3.884 ms - -[0m
[0mGET /css/header.css [36m304[0m 4.090 ms - -[0m
[0mGET /js/header.js [36m304[0m 1.705 ms - -[0m
[0mGET /js/post.js [36m304[0m 2.756 ms - -[0m
[0mGET /js/home.js [36m304[0m 2.250 ms - -[0m
[0mGET /js/login.js [36m304[0m 5.195 ms - -[0m
[0mGET /js/option_page.js [36m304[0m 3.585 ms - -[0m
[0mGET /js/home_layout.js [36m304[0m 2.676 ms - -[0m
[0mGET /js/ajax_request.js [36m304[0m 4.550 ms - -[0m
[0mGET /uploads/icons/18.logo.png [36m304[0m 8.982 ms - -[0m
[0mGET /uploads/icons/30.home.png [36m304[0m 8.200 ms - -[0m
[0mGET /uploads/icons/19.depart.png [36m304[0m 10.726 ms - -[0m
[0mGET /uploads/icons/20.hostel.png [36m304[0m 10.123 ms - -[0m
[0mGET /uploads/icons/21.club.png [36m304[0m 7.741 ms - -[0m
[0mGET /uploads/icons/22.event.png [36m304[0m 16.073 ms - -[0m
[0mGET /uploads/icons/24.day-night.png [36m304[0m 11.596 ms - -[0m
[0mGET /uploads/icons/10.slide.png [36m304[0m 9.425 ms - -[0m
[0mGET /uploads/icons/9.profile_back.png [36m304[0m 11.339 ms - -[0m
[0mGET /uploads/icons/29.login.png [36m304[0m 9.941 ms - -[0m
[0mGET /load-more-post?photoTime=1645727175019&textTime=1645727175019&photo=true&text=true [32m200[0m 16.343 ms - 216[0m
[0mGET /favicon.ico [36m304[0m 3.359 ms - -[0m
[0mGET /load-upcoming-or-running-events?time=1645727176271 [32m200[0m 6.679 ms - 65[0m
[0mGET /sign-in [36m304[0m 5.497 ms - -[0m
[0mGET /css/notifications.css [36m304[0m 0.815 ms - -[0m
[0mGET /css/login_page.css [36m304[0m 1.483 ms - -[0m
[0mGET /js/login.js [36m304[0m 3.649 ms - -[0m
[0mGET /js/ajax_request.js [36m304[0m 3.246 ms - -[0m
[0mGET /uploads/icons/18.logo.png [36m304[0m 7.072 ms - -[0m
[0mGET /uploads/icons/8.google-logo-png-icon-free-download.png [36m304[0m 6.601 ms - -[0m
[0mGET /uploads/users/member/boat_image.jpeg [36m304[0m 4.320 ms - -[0m
[0mGET /favicon.ico [36m304[0m 3.428 ms - -[0m
[0mPOST /sign-up-send-otp [32m200[0m 240.485 ms - 112[0m
[0mPOST /sign-up-email-verification [32m200[0m 129.158 ms - 102[0m
[0mPOST /sign-up-with-secret [32m200[0m 27.930 ms - 81[0m
[0mPOST /create-session [36m302[0m 53.238 ms - 46[0m
[0mGET / [32m200[0m 24.955 ms - 14994[0m
[0mGET /js/header.js [36m304[0m 2.949 ms - -[0m
[0mGET /js/post.js [36m304[0m 7.524 ms - -[0m
[0mGET /js/home.js [36m304[0m 7.562 ms - -[0m
[0mGET /js/login.js [36m304[0m 7.086 ms - -[0m
[0mGET /js/option_page.js [36m304[0m 6.214 ms - -[0m
[0mGET /js/home_layout.js [36m304[0m 6.403 ms - -[0m
[0mGET /js/ajax_request.js [36m304[0m 1.702 ms - -[0m
[0mGET /uploads/icons/18.logo.png [36m304[0m 7.370 ms - -[0m
[0mGET /uploads/icons/30.home.png [36m304[0m 6.569 ms - -[0m
[0mGET /uploads/icons/19.depart.png [36m304[0m 6.640 ms - -[0m
[0mGET /uploads/icons/24.day-night.png [36m304[0m 8.201 ms - -[0m
[0mGET /uploads/icons/20.hostel.png [36m304[0m 7.529 ms - -[0m
[0mGET /uploads/icons/21.club.png [36m304[0m 9.037 ms - -[0m
[0mGET /uploads/icons/22.event.png [36m304[0m 5.117 ms - -[0m
[0mGET /uploads/users/avatars/avatar-default_profile.png [36m304[0m 11.492 ms - -[0m
[0mGET /uploads/icons/13.detail.png [36m304[0m 10.825 ms - -[0m
[0mGET /uploads/icons/9.profile_back.png [36m304[0m 9.187 ms - -[0m
[0mGET /uploads/icons/32.save-home.png [36m304[0m 5.045 ms - -[0m
[0mGET /uploads/icons/35.poll.png [36m304[0m 3.727 ms - -[0m
[0mGET /uploads/icons/10.slide.png [36m304[0m 2.746 ms - -[0m
[0mGET /load-more-post?photoTime=1645727324486&textTime=1645727324486&photo=true&text=true [32m200[0m 20.044 ms - 728[0m
[0mGET /favicon.ico [32m200[0m 12.285 ms - 9354[0m
[0mGET /user/new-poll-page [32m200[0m 41.082 ms - 10608[0m
[0mGET /css/header.css [32m200[0m 13.575 ms - 1689[0m
[0mGET /user/css/notifications.css [32m200[0m 25.510 ms - 9354[0m
[0mGET /user/css/option-page.css [32m200[0m 40.385 ms - 9354[0m
[0mGET /user/css/home_layout.css [32m200[0m 42.215 ms - 9354[0m
[0mGET /js/header.js [36m304[0m 0.840 ms - -[0m
[0mGET /js/notice.js [36m304[0m 1.268 ms - -[0m
[0mGET /uploads/icons/18.logo.png [36m304[0m 8.932 ms - -[0m
[0mGET /uploads/icons/30.home.png [36m304[0m 17.515 ms - -[0m
[0mGET /user/js/login.js [32m200[0m 34.712 ms - 9354[0m
[0mGET /uploads/icons/19.depart.png [36m304[0m 15.751 ms - -[0m
[0mGET /user/js/option_page.js [32m200[0m 38.360 ms - 9354[0m
[0mGET /uploads/icons/20.hostel.png [36m304[0m 22.256 ms - -[0m
[0mGET /uploads/icons/21.club.png [36m304[0m 9.740 ms - -[0m
[0mGET /uploads/users/avatars/avatar-default_profile.png [36m304[0m 8.632 ms - -[0m
[0mGET /uploads/icons/24.day-night.png [36m304[0m 8.062 ms - -[0m
[0mGET /user/js/home_layout.js [32m200[0m 72.790 ms - 9354[0m
[0mGET /user/js/ajax_request.js [32m200[0m 77.016 ms - 9354[0m
[0mGET /uploads/icons/13.detail.png [36m304[0m 2.883 ms - -[0m
[0mGET /uploads/icons/22.event.png [36m304[0m 1.655 ms - -[0m
[0mGET /favicon.ico [36m304[0m 10.716 ms - -[0m
[0mGET /user/new-poll-page [36m304[0m 13.319 ms - -[0m
[0mGET /css/header.css [36m304[0m 3.162 ms - -[0m
[0mGET /css/new_post.css [32m200[0m 13.849 ms - 3931[0m
[0mGET /css/new_poll.css [32m200[0m 14.210 ms - 1063[0m
[0mGET /js/header.js [36m304[0m 3.687 ms - -[0m
[0mGET /js/notice.js [36m304[0m 1.330 ms - -[0m
[0mGET /user/css/option-page.css [36m304[0m 32.197 ms - -[0m
[0mGET /user/css/notifications.css [36m304[0m 32.612 ms - -[0m
[0mGET /uploads/icons/18.logo.png [36m304[0m 2.457 ms - -[0m
[0mGET /uploads/icons/30.home.png [36m304[0m 5.659 ms - -[0m
[0mGET /uploads/icons/19.depart.png [36m304[0m 0.611 ms - -[0m
[0mGET /uploads/icons/20.hostel.png [36m304[0m 0.540 ms - -[0m
[0mGET /uploads/icons/21.club.png [36m304[0m 0.675 ms - -[0m
[0mGET /uploads/icons/22.event.png [36m304[0m 0.662 ms - -[0m
[0mGET /uploads/users/avatars/avatar-default_profile.png [36m304[0m 0.705 ms - -[0m
[0mGET /uploads/icons/24.day-night.png [36m304[0m 0.621 ms - -[0m
[0mGET /uploads/icons/13.detail.png [36m304[0m 0.870 ms - -[0m
[0mGET /user/css/home_layout.css [36m304[0m 37.044 ms - -[0m
[0mGET /user/js/login.js [36m304[0m 24.454 ms - -[0m
[0mGET /user/js/option_page.js [36m304[0m 985.981 ms - -[0m
[0mGET /user/js/home_layout.js [36m304[0m 987.935 ms - -[0m
[0mGET /user/js/ajax_request.js [36m304[0m 991.242 ms - -[0m
[0mGET /user/new-poll-page [36m304[0m 750.382 ms - -[0m
[0mGET /css/new_poll.css [36m304[0m 5.143 ms - -[0m
[0mGET /css/new_post.css [36m304[0m 5.276 ms - -[0m
[0mGET /css/header.css [36m304[0m 5.553 ms - -[0m
[0mGET /js/header.js [36m304[0m 8.778 ms - -[0m
[0mGET /js/notice.js [36m304[0m 8.122 ms - -[0m
[0mGET /user/css/notifications.css [36m304[0m 32.049 ms - -[0m
[0mGET /user/css/option-page.css [36m304[0m 36.245 ms - -[0m
[0mGET /user/css/home_layout.css [36m304[0m 37.205 ms - -[0m
[0mGET /uploads/icons/18.logo.png [36m304[0m 5.509 ms - -[0m
[0mGET /uploads/icons/30.home.png [36m304[0m 23.217 ms - -[0m
[0mGET /uploads/users/avatars/avatar-default_profile.png [36m304[0m 14.896 ms - -[0m
[0mGET /user/js/login.js [36m304[0m 62.479 ms - -[0m
[0mGET /uploads/icons/24.day-night.png [36m304[0m 14.578 ms - -[0m
[0mGET /user/js/option_page.js [36m304[0m 58.976 ms - -[0m
[0mGET /user/js/home_layout.js [36m304[0m 62.034 ms - -[0m
[0mGET /uploads/icons/19.depart.png [36m304[0m 5.976 ms - -[0m
[0mGET /user/js/ajax_request.js [36m304[0m 61.046 ms - -[0m
[0mGET /uploads/icons/13.detail.png [36m304[0m 1.446 ms - -[0m
[0mGET /uploads/icons/20.hostel.png [36m304[0m 5.660 ms - -[0m
[0mGET /uploads/icons/21.club.png [36m304[0m 6.738 ms - -[0m
[0mGET /uploads/icons/22.event.png [36m304[0m 5.989 ms - -[0m
[0mGET /favicon.ico [36m304[0m 8.215 ms - -[0m
